<?xml version="1.0" encoding="UTF-8"?>
<testng-results ignored="0" total="1" passed="1" failed="0" skipped="0">
  <reporter-output>
  </reporter-output>
  <suite started-at="2024-04-28T15:46:09 IST" name="Default suite" finished-at="2024-04-28T15:46:27 IST" duration-ms="17627">
    <groups>
    </groups>
    <test started-at="2024-04-28T15:46:09 IST" name="Default test" finished-at="2024-04-28T15:46:27 IST" duration-ms="17627">
      <class name="testpkg.Fblogintest">
        <test-method is-config="true" signature="setup()[pri:0, instance:testpkg.Fblogintest@f78a47e]" started-at="2024-04-28T15:46:09 IST" name="setup" finished-at="2024-04-28T15:46:27 IST" duration-ms="17431" status="PASS">
          <reporter-output>
          </reporter-output>
        </test-method> <!-- setup -->
        <test-method signature="verifyLoginWithValidCred()[pri:0, instance:testpkg.Fblogintest@f78a47e]" started-at="2024-04-28T15:46:27 IST" name="verifyLoginWithValidCred" finished-at="2024-04-28T15:46:27 IST" duration-ms="88" status="PASS">
          <reporter-output>
          </reporter-output>
        </test-method> <!-- verifyLoginWithValidCred -->
      </class> <!-- testpkg.Fblogintest -->
    </test> <!-- Default test -->
  </suite> <!-- Default suite -->
</testng-results>
